Build started 5/29/2014 5:11:45 PM.
     1>Project "C:\Users\Devin\Documents\GitHub\twilio-csharp\src\Twilio.2013.sln" on node 1 (Rebuild target(s)).
     1>ValidateSolutionConfiguration:
         Building solution configuration "PCL|Any CPU".
       ValidateProjects:
         The project "Twilio.Api.Net35" is not selected for building in solution configuration "PCL|Any CPU".
         The project "Twilio.Api.Shared" is not selected for building in solution configuration "PCL|Any CPU".
         The project "SimpleRestClient.Tests" is not selected for building in solution configuration "PCL|Any CPU".
         The project "Twilio.Api.Tests.Performance" is not selected for building in solution configuration "PCL|Any CPU".
     1>Project "C:\Users\Devin\Documents\GitHub\twilio-csharp\src\Twilio.2013.sln" (1) is building "C:\Users\Devin\Documents\GitHub\twilio-csharp\src\Twilio.Api.Pcl\Twilio.Api.Pcl.csproj" (2) on node 2 (Rebuild target(s)).
     2>RestorePackages:
         "C:\Users\Devin\Documents\GitHub\twilio-csharp\src\.nuget\NuGet.exe" install "packages.config" -source ""  -NonInteractive -RequireConsent -solutionDir "C:\Users\Devin\Documents\GitHub\twilio-csharp\src\ "
     1>Project "C:\Users\Devin\Documents\GitHub\twilio-csharp\src\Twilio.2013.sln" (1) is building "C:\Users\Devin\Documents\GitHub\twilio-csharp\src\SimpleRestClient\SimpleRestClient.csproj" (4) on node 1 (Rebuild target(s)).
     4>RestorePackages:
         "C:\Users\Devin\Documents\GitHub\twilio-csharp\src\.nuget\NuGet.exe" install "packages.config" -source ""  -NonInteractive -RequireConsent -solutionDir "C:\Users\Devin\Documents\GitHub\twilio-csharp\src\ "
     2>RestorePackages:
         All packages listed in packages.config are already installed.
       ResolveAssemblyReferences:
         A TargetFramework profile exclusion list will be generated.
       GenerateTargetFrameworkMonikerAttribute:
       Skipping target "GenerateTargetFrameworkMonikerAttribute" because all output files are up-to-date with respect to the input files.
       CoreCompile:
         C:\WINDOWS\Microsoft.NET\Framework\v4.0.30319\Csc.exe /noconfig /nowarn:1701,1702 /nostdlib+ /platform:AnyCPU /errorreport:prompt /define:TRACE;PCL /reference:C:\Users\Devin\Documents\GitHub\twilio-csharp\src\packages\Microsoft.Bcl.Async.1.0.166\lib\portable-net40+sl4+win8+wp71+wpa81\Microsoft.Threading.Tasks.dll /reference:C:\Users\Devin\Documents\GitHub\twilio-csharp\src\packages\Microsoft.Bcl.Async.1.0.166\lib\portable-net40+sl4+win8+wp71+wpa81\Microsoft.Threading.Tasks.Extensions.dll /reference:"C:\Program Files (x86)\Reference Assemblies\Microsoft\Framework\.NETPortable\v4.0\Profile\Profile147\mscorlib.dll" /reference:C:\Users\Devin\Documents\GitHub\twilio-csharp\src\packages\Microsoft.Bcl.1.1.7\lib\portable-net40+sl5+win8+wp8+wpa81\System.IO.dll /reference:C:\Users\Devin\Documents\GitHub\twilio-csharp\src\packages\Microsoft.Net.Http.2.2.19\lib\portable-net40+sl4+win8+wp71+wpa81\System.Net.Http.dll /reference:C:\Users\Devin\Documents\GitHub\twilio-csharp\src\packages\Microsoft.Net.Http.2.2.19\lib\portable-net40+sl4+win8+wp71+wpa81\System.Net.Http.Extensions.dll /reference:C:\Users\Devin\Documents\GitHub\twilio-csharp\src\packages\Microsoft.Net.Http.2.2.19\lib\portable-net40+sl4+win8+wp71+wpa81\System.Net.Http.Primitives.dll /reference:C:\Users\Devin\Documents\GitHub\twilio-csharp\src\packages\Microsoft.Bcl.1.1.7\lib\portable-net40+sl5+win8+wp8+wpa81\System.Runtime.dll /reference:C:\Users\Devin\Documents\GitHub\twilio-csharp\src\packages\Microsoft.Bcl.1.1.7\lib\portable-net40+sl5+win8+wp8+wpa81\System.Threading.Tasks.dll /reference:"C:\Program Files (x86)\Reference Assemblies\Microsoft\Framework\.NETPortable\v4.0\Profile\Profile147\mscorlib.dll" /reference:"C:\Program Files (x86)\Reference Assemblies\Microsoft\Framework\.NETPortable\v4.0\Profile\Profile147\System.Core.dll" /reference:"C:\Program Files (x86)\Reference Assemblies\Microsoft\Framework\.NETPortable\v4.0\Profile\Profile147\System.dll" /reference:"C:\Program Files (x86)\Reference Assemblies\Microsoft\Framework\.NETPortable\v4.0\Profile\Profile147\System.Net.dll" /reference:"C:\Program Files (x86)\Reference Assemblies\Microsoft\Framework\.NETPortable\v4.0\Profile\Profile147\System.Runtime.Serialization.dll" /reference:"C:\Program Files (x86)\Reference Assemblies\Microsoft\Framework\.NETPortable\v4.0\Profile\Profile147\System.ServiceModel.dll" /reference:"C:\Program Files (x86)\Reference Assemblies\Microsoft\Framework\.NETPortable\v4.0\Profile\Profile147\System.ServiceModel.Web.dll" /reference:"C:\Program Files (x86)\Reference Assemblies\Microsoft\Framework\.NETPortable\v4.0\Profile\Profile147\System.Xml.dll" /reference:"C:\Program Files (x86)\Reference Assemblies\Microsoft\Framework\.NETPortable\v4.0\Profile\Profile147\System.Xml.Linq.dll" /reference:"C:\Program Files (x86)\Reference Assemblies\Microsoft\Framework\.NETPortable\v4.0\Profile\Profile147\System.Xml.Serialization.dll" /debug:pdbonly /filealign:512 /optimize+ /out:obj\PCL\Twilio.Api.Pcl.dll /target:library /utf8output ..\SimpleRestClient\Enums.cs ..\SimpleRestClient\HttpWebRequestWrapper.cs ..\SimpleRestClient\Parameter.cs ..\SimpleRestClient\RequestRequestAsyncHandle.cs ..\SimpleRestClient\RestClient.Async.cs ..\SimpleRestClient\RestClient.Await.cs ..\SimpleRestClient\RestClient.cs ..\SimpleRestClient\RestClient.Sync.cs ..\SimpleRestClient\RestRequest.cs ..\SimpleRestClient\RestResponse.cs ..\SimpleRestClient\StringExtensions.cs ..\SimpleRestClient\UriBuilder.cs ..\SimpleRestClient\Utilities.cs ..\SimpleRestClient\JsonDeserializer\DeserializeAsAttribute.cs ..\SimpleRestClient\JsonDeserializer\JsonDeserializer.cs ..\SimpleRestClient\JsonDeserializer\SimpleJson.cs ..\Twilio.Api.Shared\Model\Account.cs ..\Twilio.Api.Shared\Model\AccountResult.cs ..\Twilio.Api.Shared\Model\AccountStatus.cs ..\Twilio.Api.Shared\Model\Application.cs ..\Twilio.Api.Shared\Model\ApplicationOptions.cs ..\Twilio.Api.Shared\Model\ApplicationResult.cs ..\Twilio.Api.Shared\Model\AuthorizedConnectApp.cs ..\Twilio.Api.Shared\Model\AuthorizedConnectAppResult.cs ..\Twilio.Api.Shared\Model\AvailablePhoneNumber.cs ..\Twilio.Api.Shared\Model\AvailablePhoneNumberListRequest.cs ..\Twilio.Api.Shared\Model\AvailablePhoneNumberResult.cs ..\Twilio.Api.Shared\Model\Call.cs ..\Twilio.Api.Shared\Model\CallListRequest.cs ..\Twilio.Api.Shared\Model\CallOptions.cs ..\Twilio.Api.Shared\Model\CallResult.cs ..\Twilio.Api.Shared\Model\Capabilities.cs ..\Twilio.Api.Shared\Model\ComparisonType.cs ..\Twilio.Api.Shared\Model\Conference.cs ..\Twilio.Api.Shared\Model\ConferenceListRequest.cs ..\Twilio.Api.Shared\Model\ConferenceResult.cs ..\Twilio.Api.Shared\Model\ConnectApp.cs ..\Twilio.Api.Shared\Model\ConnectAppResult.cs ..\Twilio.Api.Shared\Model\Credential.cs ..\Twilio.Api.Shared\Model\CredentialList.cs ..\Twilio.Api.Shared\Model\CredentialListMapping.cs ..\Twilio.Api.Shared\Model\CredentialListMappingResult.cs ..\Twilio.Api.Shared\Model\CredentialListResult.cs ..\Twilio.Api.Shared\Model\CredentialResult.cs ..\Twilio.Api.Shared\Model\DeleteStatus.cs ..\Twilio.Api.Shared\Model\DequeueStatus.cs ..\Twilio.Api.Shared\Model\Domain.cs ..\Twilio.Api.Shared\Model\DomainOptions.cs ..\Twilio.Api.Shared\Model\DomainResult.cs ..\Twilio.Api.Shared\Model\HangupStyle.cs ..\Twilio.Api.Shared\Model\IncomingPhoneNumber.cs ..\Twilio.Api.Shared\Model\IncomingPhoneNumberResult.cs ..\Twilio.Api.Shared\Model\IpAccessControlList.cs ..\Twilio.Api.Shared\Model\IpAccessControlListMapping.cs ..\Twilio.Api.Shared\Model\IpAccessControlListMappingResult.cs ..\Twilio.Api.Shared\Model\IpAccessControlListResult.cs ..\Twilio.Api.Shared\Model\IpAddress.cs ..\Twilio.Api.Shared\Model\IpAddressResult.cs ..\Twilio.Api.Shared\Model\Media.cs ..\Twilio.Api.Shared\Model\MediaListRequest.cs ..\Twilio.Api.Shared\Model\MediaResult.cs ..\Twilio.Api.Shared\Model\Message.cs ..\Twilio.Api.Shared\Model\MessageListRequest.cs ..\Twilio.Api.Shared\Model\MessageResult.cs ..\Twilio.Api.Shared\Model\Notification.cs ..\Twilio.Api.Shared\Model\NotificationResult.cs ..\Twilio.Api.Shared\Model\OutgoingCallerId.cs ..\Twilio.Api.Shared\Model\OutgoingCallerIdOptions.cs ..\Twilio.Api.Shared\Model\OutgoingCallerIdResult.cs ..\Twilio.Api.Shared\Model\Participant.cs ..\Twilio.Api.Shared\Model\ParticipantResult.cs ..\Twilio.Api.Shared\Model\Permission.cs ..\Twilio.Api.Shared\Model\PhoneNumberOptions.cs ..\Twilio.Api.Shared\Model\Queue.cs ..\Twilio.Api.Shared\Model\QueueMember.cs ..\Twilio.Api.Shared\Model\QueueMemberResult.cs ..\Twilio.Api.Shared\Model\QueueResult.cs ..\Twilio.Api.Shared\Model\Recording.cs ..\Twilio.Api.Shared\Model\RecordingResult.cs ..\Twilio.Api.Shared\Model\RestException.cs ..\Twilio.Api.Shared\Model\Sandbox.cs ..\Twilio.Api.Shared\Model\SmsMessage.cs ..\Twilio.Api.Shared\Model\SmsMessageResult.cs ..\Twilio.Api.Shared\Model\SmsShortCode.cs ..\Twilio.Api.Shared\Model\SmsShortCodeResult.cs ..\Twilio.Api.Shared\Model\Transcription.cs ..\Twilio.Api.Shared\Model\TranscriptionResult.cs ..\Twilio.Api.Shared\Model\TwilioBase.cs ..\Twilio.Api.Shared\Model\TwilioListBase.cs ..\Twilio.Api.Shared\Model\UsageRecord.cs ..\Twilio.Api.Shared\Model\UsageResult.cs ..\Twilio.Api.Shared\Model\UsageTrigger.cs ..\Twilio.Api.Shared\Model\UsageTriggerOptions.cs ..\Twilio.Api.Shared\Model\UsageTriggerResult.cs ..\Twilio.Api.Shared\Model\ValidationRequest.cs ..\Twilio.Api.Shared\Options.cs Sip.Await.cs Sms.Await.cs Transcriptions.Await.cs Usage.Await.cs Core.Await.cs Accounts.cs Applications.Await.cs AuthorizedConnectApps.Await.cs AvailablePhoneNumbers.Await.cs Calls.Await.cs Conference.Await.cs ConnectApps.Await.cs IncomingPhoneNumbers.Await.cs Media.Await.cs Messages.Await.cs Notifications.Await.cs OutgoingCallerIds.Await.cs Properties\AssemblyInfo.cs Queues.Await.cs Recordings.Await.cs Sandbox.Await.cs "C:\Users\Devin\AppData\Local\Temp\.NETPortable,Version=v4.0,Profile=Profile147.AssemblyAttributes.cs"
     4>RestorePackages:
         All packages listed in packages.config are already installed.
       GenerateTargetFrameworkMonikerAttribute:
       Skipping target "GenerateTargetFrameworkMonikerAttribute" because all output files are up-to-date with respect to the input files.
       CoreCompile:
         C:\Windows\Microsoft.NET\Framework\v4.0.30319\Csc.exe /noconfig /unsafe+ /nowarn:1701,1702 /nostdlib+ /platform:AnyCPU /errorreport:prompt /define:TRACE;PCL /highentropyva- /reference:"C:\Program Files (x86)\Reference Assemblies\Microsoft\Framework\.NETFramework\v4.0\Microsoft.CSharp.dll" /reference:C:\Users\Devin\Documents\GitHub\twilio-csharp\src\packages\Microsoft.Bcl.Async.1.0.168\lib\net40\Microsoft.Threading.Tasks.dll /reference:C:\Users\Devin\Documents\GitHub\twilio-csharp\src\packages\Microsoft.Bcl.Async.1.0.168\lib\net40\Microsoft.Threading.Tasks.Extensions.Desktop.dll /reference:C:\Users\Devin\Documents\GitHub\twilio-csharp\src\packages\Microsoft.Bcl.Async.1.0.168\lib\net40\Microsoft.Threading.Tasks.Extensions.dll /reference:"C:\Program Files (x86)\Reference Assemblies\Microsoft\Framework\.NETFramework\v4.0\mscorlib.dll" /reference:"C:\Program Files (x86)\Reference Assemblies\Microsoft\Framework\.NETFramework\v4.0\System.Core.dll" /reference:"C:\Program Files (x86)\Reference Assemblies\Microsoft\Framework\.NETFramework\v4.0\System.Data.DataSetExtensions.dll" /reference:"C:\Program Files (x86)\Reference Assemblies\Microsoft\Framework\.NETFramework\v4.0\System.Data.dll" /reference:"C:\Program Files (x86)\Reference Assemblies\Microsoft\Framework\.NETFramework\v4.0\System.dll" /reference:C:\Users\Devin\Documents\GitHub\twilio-csharp\src\packages\Microsoft.Bcl.1.1.9\lib\net40\System.IO.dll /reference:"C:\Program Files (x86)\Reference Assemblies\Microsoft\Framework\.NETFramework\v4.0\System.Net.dll" /reference:C:\Users\Devin\Documents\GitHub\twilio-csharp\src\packages\Microsoft.Net.Http.2.2.22\lib\net40\System.Net.Http.dll /reference:C:\Users\Devin\Documents\GitHub\twilio-csharp\src\packages\Microsoft.Net.Http.2.2.22\lib\net40\System.Net.Http.Extensions.dll /reference:C:\Users\Devin\Documents\GitHub\twilio-csharp\src\packages\Microsoft.Net.Http.2.2.22\lib\net40\System.Net.Http.Primitives.dll /reference:C:\Users\Devin\Documents\GitHub\twilio-csharp\src\packages\Microsoft.Net.Http.2.2.22\lib\net40\System.Net.Http.WebRequest.dll /reference:C:\Users\Devin\Documents\GitHub\twilio-csharp\src\packages\Microsoft.Bcl.1.1.9\lib\net40\System.Runtime.dll /reference:C:\Users\Devin\Documents\GitHub\twilio-csharp\src\packages\Microsoft.Bcl.1.1.9\lib\net40\System.Threading.Tasks.dll /reference:"C:\Program Files (x86)\Reference Assemblies\Microsoft\Framework\.NETFramework\v4.0\System.Xml.dll" /reference:"C:\Program Files (x86)\Reference Assemblies\Microsoft\Framework\.NETFramework\v4.0\System.Xml.Linq.dll" /debug:pdbonly /filealign:512 /optimize+ /out:obj\PCL\SimpleRestClient.dll /target:library /utf8output HttpWebRequestWrapper.cs JsonDeserializer\DeserializeAsAttribute.cs Enums.cs JsonDeserializer\JsonDeserializer.cs Parameter.cs Properties\AssemblyInfo.cs RequestRequestAsyncHandle.cs RestClient.Async.cs RestClient.cs RestRequest.cs RestResponse.cs JsonDeserializer\SimpleJson.cs StringExtensions.cs UriBuilder.cs Utilities.cs RestClient.Sync.cs RestClient.Await.cs "C:\Users\Devin\AppData\Local\Temp\.NETFramework,Version=v4.0.AssemblyAttributes.cs"
     2>_CopyFilesMarkedCopyLocal:
         Copying file from "C:\Users\Devin\Documents\GitHub\twilio-csharp\src\packages\Microsoft.Bcl.Async.1.0.166\lib\portable-net40+sl4+win8+wp71+wpa81\Microsoft.Threading.Tasks.dll" to "bin\PCL\Microsoft.Threading.Tasks.dll".
         Copying file from "C:\Users\Devin\Documents\GitHub\twilio-csharp\src\packages\Microsoft.Bcl.Async.1.0.166\lib\portable-net40+sl4+win8+wp71+wpa81\Microsoft.Threading.Tasks.Extensions.dll" to "bin\PCL\Microsoft.Threading.Tasks.Extensions.dll".
         Copying file from "C:\Users\Devin\Documents\GitHub\twilio-csharp\src\packages\Microsoft.Bcl.1.1.7\lib\portable-net40+sl5+win8+wp8+wpa81\System.IO.dll" to "bin\PCL\System.IO.dll".
         Copying file from "C:\Users\Devin\Documents\GitHub\twilio-csharp\src\packages\Microsoft.Net.Http.2.2.19\lib\portable-net40+sl4+win8+wp71+wpa81\System.Net.Http.dll" to "bin\PCL\System.Net.Http.dll".
         Copying file from "C:\Users\Devin\Documents\GitHub\twilio-csharp\src\packages\Microsoft.Net.Http.2.2.19\lib\portable-net40+sl4+win8+wp71+wpa81\System.Net.Http.Extensions.dll" to "bin\PCL\System.Net.Http.Extensions.dll".
         Copying file from "C:\Users\Devin\Documents\GitHub\twilio-csharp\src\packages\Microsoft.Net.Http.2.2.19\lib\portable-net40+sl4+win8+wp71+wpa81\System.Net.Http.Primitives.dll" to "bin\PCL\System.Net.Http.Primitives.dll".
         Copying file from "C:\Users\Devin\Documents\GitHub\twilio-csharp\src\packages\Microsoft.Bcl.1.1.7\lib\portable-net40+sl5+win8+wp8+wpa81\System.Runtime.dll" to "bin\PCL\System.Runtime.dll".
         Copying file from "C:\Users\Devin\Documents\GitHub\twilio-csharp\src\packages\Microsoft.Bcl.1.1.7\lib\portable-net40+sl5+win8+wp8+wpa81\System.Threading.Tasks.dll" to "bin\PCL\System.Threading.Tasks.dll".
         Copying file from "C:\Users\Devin\Documents\GitHub\twilio-csharp\src\packages\Microsoft.Bcl.Async.1.0.166\lib\portable-net40+sl4+win8+wp71+wpa81\Microsoft.Threading.Tasks.xml" to "bin\PCL\Microsoft.Threading.Tasks.xml".
         Copying file from "C:\Users\Devin\Documents\GitHub\twilio-csharp\src\packages\Microsoft.Bcl.Async.1.0.166\lib\portable-net40+sl4+win8+wp71+wpa81\Microsoft.Threading.Tasks.Extensions.xml" to "bin\PCL\Microsoft.Threading.Tasks.Extensions.xml".
         Copying file from "C:\Users\Devin\Documents\GitHub\twilio-csharp\src\packages\Microsoft.Bcl.1.1.7\lib\portable-net40+sl5+win8+wp8+wpa81\System.IO.xml" to "bin\PCL\System.IO.xml".
         Copying file from "C:\Users\Devin\Documents\GitHub\twilio-csharp\src\packages\Microsoft.Net.Http.2.2.19\lib\portable-net40+sl4+win8+wp71+wpa81\System.Net.Http.xml" to "bin\PCL\System.Net.Http.xml".
         Copying file from "C:\Users\Devin\Documents\GitHub\twilio-csharp\src\packages\Microsoft.Net.Http.2.2.19\lib\portable-net40+sl4+win8+wp71+wpa81\System.Net.Http.Extensions.xml" to "bin\PCL\System.Net.Http.Extensions.xml".
         Copying file from "C:\Users\Devin\Documents\GitHub\twilio-csharp\src\packages\Microsoft.Net.Http.2.2.19\lib\portable-net40+sl4+win8+wp71+wpa81\System.Net.Http.Primitives.xml" to "bin\PCL\System.Net.Http.Primitives.xml".
         Copying file from "C:\Users\Devin\Documents\GitHub\twilio-csharp\src\packages\Microsoft.Bcl.1.1.7\lib\portable-net40+sl5+win8+wp8+wpa81\System.Runtime.xml" to "bin\PCL\System.Runtime.xml".
         Copying file from "C:\Users\Devin\Documents\GitHub\twilio-csharp\src\packages\Microsoft.Bcl.1.1.7\lib\portable-net40+sl5+win8+wp8+wpa81\System.Threading.Tasks.xml" to "bin\PCL\System.Threading.Tasks.xml".
       _CopyAppConfigFile:
         Copying file from "obj\PCL\Twilio.Api.Pcl.csproj.App.config" to "bin\PCL\Twilio.Api.Pcl.dll.config".
       CopyFilesToOutputDirectory:
         Copying file from "obj\PCL\Twilio.Api.Pcl.dll" to "bin\PCL\Twilio.Api.Pcl.dll".
         Twilio.Api.Pcl -> C:\Users\Devin\Documents\GitHub\twilio-csharp\src\Twilio.Api.Pcl\bin\PCL\Twilio.Api.Pcl.dll
         Copying file from "obj\PCL\Twilio.Api.Pcl.pdb" to "bin\PCL\Twilio.Api.Pcl.pdb".
     2>Done Building Project "C:\Users\Devin\Documents\GitHub\twilio-csharp\src\Twilio.Api.Pcl\Twilio.Api.Pcl.csproj" (Rebuild target(s)).
     4>_CopyFilesMarkedCopyLocal:
         Copying file from "C:\Users\Devin\Documents\GitHub\twilio-csharp\src\packages\Microsoft.Bcl.Async.1.0.168\lib\net40\Microsoft.Threading.Tasks.dll" to "bin\PCL\Microsoft.Threading.Tasks.dll".
         Copying file from "C:\Users\Devin\Documents\GitHub\twilio-csharp\src\packages\Microsoft.Bcl.Async.1.0.168\lib\net40\Microsoft.Threading.Tasks.Extensions.Desktop.dll" to "bin\PCL\Microsoft.Threading.Tasks.Extensions.Desktop.dll".
         Copying file from "C:\Users\Devin\Documents\GitHub\twilio-csharp\src\packages\Microsoft.Bcl.Async.1.0.168\lib\net40\Microsoft.Threading.Tasks.Extensions.dll" to "bin\PCL\Microsoft.Threading.Tasks.Extensions.dll".
         Copying file from "C:\Users\Devin\Documents\GitHub\twilio-csharp\src\packages\Microsoft.Bcl.1.1.9\lib\net40\System.IO.dll" to "bin\PCL\System.IO.dll".
         Copying file from "C:\Users\Devin\Documents\GitHub\twilio-csharp\src\packages\Microsoft.Net.Http.2.2.22\lib\net40\System.Net.Http.dll" to "bin\PCL\System.Net.Http.dll".
         Copying file from "C:\Users\Devin\Documents\GitHub\twilio-csharp\src\packages\Microsoft.Net.Http.2.2.22\lib\net40\System.Net.Http.Extensions.dll" to "bin\PCL\System.Net.Http.Extensions.dll".
         Copying file from "C:\Users\Devin\Documents\GitHub\twilio-csharp\src\packages\Microsoft.Net.Http.2.2.22\lib\net40\System.Net.Http.Primitives.dll" to "bin\PCL\System.Net.Http.Primitives.dll".
         Copying file from "C:\Users\Devin\Documents\GitHub\twilio-csharp\src\packages\Microsoft.Net.Http.2.2.22\lib\net40\System.Net.Http.WebRequest.dll" to "bin\PCL\System.Net.Http.WebRequest.dll".
         Copying file from "C:\Users\Devin\Documents\GitHub\twilio-csharp\src\packages\Microsoft.Bcl.1.1.9\lib\net40\System.Runtime.dll" to "bin\PCL\System.Runtime.dll".
         Copying file from "C:\Users\Devin\Documents\GitHub\twilio-csharp\src\packages\Microsoft.Bcl.1.1.9\lib\net40\System.Threading.Tasks.dll" to "bin\PCL\System.Threading.Tasks.dll".
         Copying file from "C:\Users\Devin\Documents\GitHub\twilio-csharp\src\packages\Microsoft.Bcl.Async.1.0.168\lib\net40\Microsoft.Threading.Tasks.xml" to "bin\PCL\Microsoft.Threading.Tasks.xml".
         Copying file from "C:\Users\Devin\Documents\GitHub\twilio-csharp\src\packages\Microsoft.Bcl.Async.1.0.168\lib\net40\Microsoft.Threading.Tasks.Extensions.xml" to "bin\PCL\Microsoft.Threading.Tasks.Extensions.xml".
         Copying file from "C:\Users\Devin\Documents\GitHub\twilio-csharp\src\packages\Microsoft.Bcl.Async.1.0.168\lib\net40\Microsoft.Threading.Tasks.Extensions.Desktop.xml" to "bin\PCL\Microsoft.Threading.Tasks.Extensions.Desktop.xml".
         Copying file from "C:\Users\Devin\Documents\GitHub\twilio-csharp\src\packages\Microsoft.Bcl.1.1.9\lib\net40\System.IO.xml" to "bin\PCL\System.IO.xml".
         Copying file from "C:\Users\Devin\Documents\GitHub\twilio-csharp\src\packages\Microsoft.Net.Http.2.2.22\lib\net40\System.Net.Http.xml" to "bin\PCL\System.Net.Http.xml".
         Copying file from "C:\Users\Devin\Documents\GitHub\twilio-csharp\src\packages\Microsoft.Net.Http.2.2.22\lib\net40\System.Net.Http.Extensions.xml" to "bin\PCL\System.Net.Http.Extensions.xml".
         Copying file from "C:\Users\Devin\Documents\GitHub\twilio-csharp\src\packages\Microsoft.Net.Http.2.2.22\lib\net40\System.Net.Http.Primitives.xml" to "bin\PCL\System.Net.Http.Primitives.xml".
         Copying file from "C:\Users\Devin\Documents\GitHub\twilio-csharp\src\packages\Microsoft.Net.Http.2.2.22\lib\net40\System.Net.Http.WebRequest.xml" to "bin\PCL\System.Net.Http.WebRequest.xml".
         Copying file from "C:\Users\Devin\Documents\GitHub\twilio-csharp\src\packages\Microsoft.Bcl.1.1.9\lib\net40\System.Runtime.xml" to "bin\PCL\System.Runtime.xml".
         Copying file from "C:\Users\Devin\Documents\GitHub\twilio-csharp\src\packages\Microsoft.Bcl.1.1.9\lib\net40\System.Threading.Tasks.xml" to "bin\PCL\System.Threading.Tasks.xml".
       _CopyAppConfigFile:
         Copying file from "obj\PCL\SimpleRestClient.csproj.App.config" to "bin\PCL\SimpleRestClient.dll.config".
       CopyFilesToOutputDirectory:
         Copying file from "obj\PCL\SimpleRestClient.dll" to "bin\PCL\SimpleRestClient.dll".
         SimpleRestClient -> C:\Users\Devin\Documents\GitHub\twilio-csharp\src\SimpleRestClient\bin\PCL\SimpleRestClient.dll
         Copying file from "obj\PCL\SimpleRestClient.pdb" to "bin\PCL\SimpleRestClient.pdb".
     4>Done Building Project "C:\Users\Devin\Documents\GitHub\twilio-csharp\src\SimpleRestClient\SimpleRestClient.csproj" (Rebuild target(s)).
     1>Done Building Project "C:\Users\Devin\Documents\GitHub\twilio-csharp\src\Twilio.2013.sln" (Rebuild target(s)).

Build succeeded.
    0 Warning(s)
    0 Error(s)

Time Elapsed 00:00:01.43
